<?xml version="1.0" encoding="UTF-8"?>
<testng-results skipped="0" failed="3" ignored="0" total="4" passed="1">
  <reporter-output>
  </reporter-output>
  <suite name="Default suite" duration-ms="44329" started-at="2023-03-14T21:52:20 IST" finished-at="2023-03-14T21:53:04 IST">
    <groups>
      <group name="cucumber">
        <method signature="AbstractTestNGCucumberTests.runScenario(io.cucumber.testng.PickleWrapper,io.cucumber.testng.FeatureWrapper)[pri:0, instance:Runner.DemoblazeRunner@149494d8]" name="runScenario" class="io.cucumber.testng.AbstractTestNGCucumberTests"/>
      </group> <!-- cucumber -->
    </groups>
    <test name="Default test" duration-ms="44329" started-at="2023-03-14T21:52:20 IST" finished-at="2023-03-14T21:53:04 IST">
      <class name="Runner.DemoblazeRunner">
        <test-method status="PASS" signature="setUpClass(org.testng.ITestContext)[pri:0, instance:Runner.DemoblazeRunner@149494d8]" name="setUpClass" is-config="true" duration-ms="3612" started-at="2023-03-14T21:52:20 IST" finished-at="2023-03-14T21:52:23 IST">
          <params>
            <param index="0">
              <value>
                <![CDATA[org.testng.TestRunner@6fc3e1a4]]>
              </value>
            </param>
          </params>
          <reporter-output>
          </reporter-output>
        </test-method> <!-- setUpClass -->
        <test-method status="PASS" signature="runScenario(io.cucumber.testng.PickleWrapper,io.cucumber.testng.FeatureWrapper)[pri:0, instance:Runner.DemoblazeRunner@149494d8]" name="runScenario" duration-ms="16588" started-at="2023-03-14T21:52:23 IST" description="Runs Cucumber Scenarios" data-provider="scenarios" finished-at="2023-03-14T21:52:40 IST">
          <params>
            <param index="0">
              <value>
                <![CDATA["Login into App"]]>
              </value>
            </param>
            <param index="1">
              <value>
                <![CDATA["Automating demoblaze website"]]>
              </value>
            </param>
          </params>
          <reporter-output>
          </reporter-output>
        </test-method> <!-- runScenario -->
        <test-method status="FAIL" signature="runScenario(io.cucumber.testng.PickleWrapper,io.cucumber.testng.FeatureWrapper)[pri:0, instance:Runner.DemoblazeRunner@149494d8]" name="runScenario" duration-ms="21096" started-at="2023-03-14T21:52:40 IST" description="Runs Cucumber Scenarios" data-provider="scenarios" finished-at="2023-03-14T21:53:01 IST">
          <params>
            <param index="0">
              <value>
                <![CDATA["Add items to cart"]]>
              </value>
            </param>
            <param index="1">
              <value>
                <![CDATA["Automating demoblaze website"]]>
              </value>
            </param>
          </params>
          <exception class="java.lang.NullPointerException">
            <full-stacktrace>
              <![CDATA[java.lang.NullPointerException
at StepDefs.AddItemToCart.add_an_item_to_cart(AddItemToCart.java:70)
at ✽.Add an item to cart "Nokia lumia 1520"(file:///E:/SDET%20Training%20WS/miniCaseBDD/src/test/resources/features/demoblaze.feature:13)
]]>
            </full-stacktrace>
          </exception> <!-- java.lang.NullPointerException -->
          <reporter-output>
          </reporter-output>
        </test-method> <!-- runScenario -->
        <test-method status="FAIL" signature="runScenario(io.cucumber.testng.PickleWrapper,io.cucumber.testng.FeatureWrapper)[pri:0, instance:Runner.DemoblazeRunner@149494d8]" name="runScenario" duration-ms="2895" started-at="2023-03-14T21:53:01 IST" description="Runs Cucumber Scenarios" data-provider="scenarios" finished-at="2023-03-14T21:53:04 IST">
          <params>
            <param index="0">
              <value>
                <![CDATA["Delete an item"]]>
              </value>
            </param>
            <param index="1">
              <value>
                <![CDATA["Automating demoblaze website"]]>
              </value>
            </param>
          </params>
          <exception class="java.lang.AssertionError">
            <message>
              <![CDATA[expected [true] but found [false]]]>
            </message>
            <full-stacktrace>
              <![CDATA[java.lang.AssertionError: expected [true] but found [false]
at org.testng.Assert.fail(Assert.java:99)
at org.testng.Assert.failNotEquals(Assert.java:1037)
at org.testng.Assert.assertTrue(Assert.java:45)
at org.testng.Assert.assertTrue(Assert.java:55)
at StepDefs.AddItemToCart.list_of_items_should_be_available_in_cart(AddItemToCart.java:100)
at ✽.List of items should be available in cart(file:///E:/SDET%20Training%20WS/miniCaseBDD/src/test/resources/features/demoblaze.feature:24)
]]>
            </full-stacktrace>
          </exception> <!-- java.lang.AssertionError -->
          <reporter-output>
          </reporter-output>
        </test-method> <!-- runScenario -->
        <test-method status="FAIL" signature="runScenario(io.cucumber.testng.PickleWrapper,io.cucumber.testng.FeatureWrapper)[pri:0, instance:Runner.DemoblazeRunner@149494d8]" name="runScenario" duration-ms="53" started-at="2023-03-14T21:53:04 IST" description="Runs Cucumber Scenarios" data-provider="scenarios" finished-at="2023-03-14T21:53:04 IST">
          <params>
            <param index="0">
              <value>
                <![CDATA["Place Order"]]>
              </value>
            </param>
            <param index="1">
              <value>
                <![CDATA["Automating demoblaze website"]]>
              </value>
            </param>
          </params>
          <exception class="org.openqa.selenium.UnhandledAlertException">
            <message>
              <![CDATA[unexpected alert open: {Alert text : Product added.}
  (Session info: chrome=111.0.5563.65): Product added.
Build info: version: '4.6.0', revision: '79f1c02ae20'
System info: os.name: 'Windows 10', os.arch: 'amd64', os.version: '10.0', java.version: '1.8.0_202'
Driver info: org.openqa.selenium.chrome.ChromeDriver
Command: [e285bc3f2542903cf821f8c61ecd4c44, findElements {using=xpath, value=//tr[@class='success']}]
Capabilities {acceptInsecureCerts: false, browserName: chrome, browserVersion: 111.0.5563.65, chrome: {chromedriverVersion: 111.0.5563.64 (c710e93d5b63..., userDataDir: C:\Users\PALANI~1\AppData\L...}, goog:chromeOptions: {debuggerAddress: localhost:55668}, networkConnectionEnabled: false, pageLoadStrategy: normal, platformName: WINDOWS, proxy: Proxy(), se:cdp: ws://localhost:55668/devtoo..., se:cdpVersion: 111.0.5563.65, setWindowRect: true, strictFileInteractability: false, timeouts: {implicit: 0, pageLoad: 300000, script: 30000}, unhandledPromptBehavior: dismiss and notify, webauthn:extension:credBlob: true, webauthn:extension:largeBlob: true, webauthn:extension:minPinLength: true, webauthn:extension:prf: true, webauthn:virtualAuthenticators: true}
Session ID: e285bc3f2542903cf821f8c61ecd4c44]]>
            </message>
            <full-stacktrace>
              <![CDATA[org.openqa.selenium.UnhandledAlertException: unexpected alert open: {Alert text : Product added.}
  (Session info: chrome=111.0.5563.65): Product added.
Build info: version: '4.6.0', revision: '79f1c02ae20'
System info: os.name: 'Windows 10', os.arch: 'amd64', os.version: '10.0', java.version: '1.8.0_202'
Driver info: org.openqa.selenium.chrome.ChromeDriver
Command: [e285bc3f2542903cf821f8c61ecd4c44, findElements {using=xpath, value=//tr[@class='success']}]
Capabilities {acceptInsecureCerts: false, browserName: chrome, browserVersion: 111.0.5563.65, chrome: {chromedriverVersion: 111.0.5563.64 (c710e93d5b63..., userDataDir: C:\Users\PALANI~1\AppData\L...}, goog:chromeOptions: {debuggerAddress: localhost:55668}, networkConnectionEnabled: false, pageLoadStrategy: normal, platformName: WINDOWS, proxy: Proxy(), se:cdp: ws://localhost:55668/devtoo..., se:cdpVersion: 111.0.5563.65, setWindowRect: true, strictFileInteractability: false, timeouts: {implicit: 0, pageLoad: 300000, script: 30000}, unhandledPromptBehavior: dismiss and notify, webauthn:extension:credBlob: true, webauthn:extension:largeBlob: true, webauthn:extension:minPinLength: true, webauthn:extension:prf: true, webauthn:virtualAuthenticators: true}
Session ID: e285bc3f2542903cf821f8c61ecd4c44
at org.openqa.selenium.remote.codec.w3c.W3CHttpResponseCodec.decode(W3CHttpResponseCodec.java:131)
at org.openqa.selenium.remote.codec.w3c.W3CHttpResponseCodec.decode(W3CHttpResponseCodec.java:53)
at org.openqa.selenium.remote.HttpCommandExecutor.execute(HttpCommandExecutor.java:184)
at org.openqa.selenium.remote.service.DriverCommandExecutor.invokeExecute(DriverCommandExecutor.java:167)
at org.openqa.selenium.remote.service.DriverCommandExecutor.execute(DriverCommandExecutor.java:142)
at org.openqa.selenium.remote.RemoteWebDriver.execute(RemoteWebDriver.java:541)
at org.openqa.selenium.remote.ElementLocation$ElementFinder$2.findElements(ElementLocation.java:179)
at org.openqa.selenium.remote.ElementLocation.findElements(ElementLocation.java:102)
at org.openqa.selenium.remote.RemoteWebDriver.findElements(RemoteWebDriver.java:380)
at org.openqa.selenium.remote.RemoteWebDriver.findElements(RemoteWebDriver.java:372)
at StepDefs.AddItemToCart.items_should_be_available_in_cart(AddItemToCart.java:111)
at ✽.Items should be available in cart(file:///E:/SDET%20Training%20WS/miniCaseBDD/src/test/resources/features/demoblaze.feature:28)
]]>
            </full-stacktrace>
          </exception> <!-- org.openqa.selenium.UnhandledAlertException -->
          <reporter-output>
          </reporter-output>
        </test-method> <!-- runScenario -->
        <test-method status="PASS" signature="tearDownClass()[pri:0, instance:Runner.DemoblazeRunner@149494d8]" name="tearDownClass" is-config="true" duration-ms="14" started-at="2023-03-14T21:53:04 IST" finished-at="2023-03-14T21:53:04 IST">
          <reporter-output>
          </reporter-output>
        </test-method> <!-- tearDownClass -->
      </class> <!-- Runner.DemoblazeRunner -->
    </test> <!-- Default test -->
  </suite> <!-- Default suite -->
</testng-results>
